2020-08-16 18:00:46,351 INFO pid=18873 tid=MainThread file=regex_loader.py:__init__:20 | Init Regex Loader...
2020-08-16 18:00:46,351 INFO pid=18873 tid=MainThread file=regex_conf.py:_read_conf:28 | Get tokens from field_extraction_token.conf
2020-08-16 18:00:46,378 INFO pid=18873 tid=MainThread file=regex_conf.py:_read_conf:31 | Get the fields from field_extraction_field.conf
2020-08-16 18:00:46,381 INFO pid=18873 tid=MainThread file=regex_tokenizer.py:__init__:12 | Init tokenizer...
2020-08-16 18:00:46,381 INFO pid=18873 tid=MainThread file=regex_generator.py:__init__:13 | Init Generator...
2020-08-16 18:01:38,637 INFO pid=19515 tid=MainThread file=regex_loader.py:__init__:20 | Init Regex Loader...
2020-08-16 18:01:38,638 INFO pid=19515 tid=MainThread file=regex_conf.py:_read_conf:28 | Get tokens from field_extraction_token.conf
2020-08-16 18:01:38,677 INFO pid=19515 tid=MainThread file=regex_conf.py:_read_conf:31 | Get the fields from field_extraction_field.conf
2020-08-16 18:01:38,713 INFO pid=19515 tid=MainThread file=regex_tokenizer.py:__init__:12 | Init tokenizer...
2020-08-16 18:01:38,713 INFO pid=19515 tid=MainThread file=regex_generator.py:__init__:13 | Init Generator...
2020-08-16 18:09:23,297 INFO pid=28078 tid=MainThread file=regex_loader.py:__init__:20 | Init Regex Loader...
2020-08-16 18:09:23,297 INFO pid=28078 tid=MainThread file=regex_conf.py:_read_conf:28 | Get tokens from field_extraction_token.conf
2020-08-16 18:09:23,314 INFO pid=28078 tid=MainThread file=regex_conf.py:_read_conf:31 | Get the fields from field_extraction_field.conf
2020-08-16 18:09:23,328 INFO pid=28078 tid=MainThread file=regex_tokenizer.py:__init__:12 | Init tokenizer...
2020-08-16 18:09:23,328 INFO pid=28078 tid=MainThread file=regex_generator.py:__init__:13 | Init Generator...
2020-08-16 18:11:26,887 INFO pid=30323 tid=MainThread file=regex_loader.py:__init__:20 | Init Regex Loader...
2020-08-16 18:11:26,887 INFO pid=30323 tid=MainThread file=regex_conf.py:_read_conf:28 | Get tokens from field_extraction_token.conf
2020-08-16 18:11:26,889 INFO pid=30323 tid=MainThread file=regex_conf.py:_read_conf:31 | Get the fields from field_extraction_field.conf
2020-08-16 18:11:26,911 INFO pid=30323 tid=MainThread file=regex_tokenizer.py:__init__:12 | Init tokenizer...
2020-08-16 18:11:26,911 INFO pid=30323 tid=MainThread file=regex_generator.py:__init__:13 | Init Generator...
2020-08-20 22:41:35,364 INFO pid=17564 tid=MainThread file=regex_loader.py:__init__:20 | Init Regex Loader...
2020-08-20 22:41:35,378 INFO pid=17564 tid=MainThread file=regex_conf.py:_read_conf:28 | Get tokens from field_extraction_token.conf
2020-08-20 22:41:35,389 INFO pid=17564 tid=MainThread file=regex_conf.py:_read_conf:31 | Get the fields from field_extraction_field.conf
2020-08-20 22:41:35,408 INFO pid=17564 tid=MainThread file=regex_tokenizer.py:__init__:12 | Init tokenizer...
2020-08-20 22:41:35,408 INFO pid=17564 tid=MainThread file=regex_generator.py:__init__:13 | Init Generator...
2020-08-27 21:11:31,957 INFO pid=3225 tid=MainThread file=regex_loader.py:__init__:20 | Init Regex Loader...
2020-08-27 21:11:31,959 INFO pid=3225 tid=MainThread file=regex_conf.py:_read_conf:28 | Get tokens from field_extraction_token.conf
2020-08-27 21:11:31,974 INFO pid=3225 tid=MainThread file=regex_conf.py:_read_conf:31 | Get the fields from field_extraction_field.conf
2020-08-27 21:11:32,002 INFO pid=3225 tid=MainThread file=regex_tokenizer.py:__init__:12 | Init tokenizer...
2020-08-27 21:11:32,002 INFO pid=3225 tid=MainThread file=regex_generator.py:__init__:13 | Init Generator...
2020-09-01 06:56:19,074 INFO pid=3250 tid=MainThread file=regex_loader.py:__init__:20 | Init Regex Loader...
2020-09-01 06:56:19,081 INFO pid=3250 tid=MainThread file=regex_conf.py:_read_conf:28 | Get tokens from field_extraction_token.conf
2020-09-01 06:56:19,106 INFO pid=3250 tid=MainThread file=regex_conf.py:_read_conf:31 | Get the fields from field_extraction_field.conf
2020-09-01 06:56:19,126 INFO pid=3250 tid=MainThread file=regex_tokenizer.py:__init__:12 | Init tokenizer...
2020-09-01 06:56:19,126 INFO pid=3250 tid=MainThread file=regex_generator.py:__init__:13 | Init Generator...
2020-09-01 07:16:46,474 INFO pid=3261 tid=MainThread file=regex_loader.py:__init__:20 | Init Regex Loader...
2020-09-01 07:16:46,478 INFO pid=3261 tid=MainThread file=regex_conf.py:_read_conf:28 | Get tokens from field_extraction_token.conf
2020-09-01 07:16:46,483 INFO pid=3261 tid=MainThread file=regex_conf.py:_read_conf:31 | Get the fields from field_extraction_field.conf
2020-09-01 07:16:46,495 INFO pid=3261 tid=MainThread file=regex_tokenizer.py:__init__:12 | Init tokenizer...
2020-09-01 07:16:46,495 INFO pid=3261 tid=MainThread file=regex_generator.py:__init__:13 | Init Generator...
2020-09-09 13:13:47,436 INFO pid=3286 tid=MainThread file=regex_loader.py:__init__:20 | Init Regex Loader...
2020-09-09 13:13:47,447 INFO pid=3286 tid=MainThread file=regex_conf.py:_read_conf:28 | Get tokens from field_extraction_token.conf
2020-09-09 13:13:47,483 INFO pid=3286 tid=MainThread file=regex_conf.py:_read_conf:31 | Get the fields from field_extraction_field.conf
2020-09-09 13:13:47,485 INFO pid=3286 tid=MainThread file=regex_tokenizer.py:__init__:12 | Init tokenizer...
2020-09-09 13:13:47,485 INFO pid=3286 tid=MainThread file=regex_generator.py:__init__:13 | Init Generator...
2020-09-11 20:44:18,435 INFO pid=11743 tid=MainThread file=regex_loader.py:__init__:20 | Init Regex Loader...
2020-09-11 20:44:18,443 INFO pid=11743 tid=MainThread file=regex_conf.py:_read_conf:28 | Get tokens from field_extraction_token.conf
2020-09-11 20:44:18,449 INFO pid=11743 tid=MainThread file=regex_conf.py:_read_conf:31 | Get the fields from field_extraction_field.conf
2020-09-11 20:44:18,464 INFO pid=11743 tid=MainThread file=regex_tokenizer.py:__init__:12 | Init tokenizer...
2020-09-11 20:44:18,464 INFO pid=11743 tid=MainThread file=regex_generator.py:__init__:13 | Init Generator...
2020-09-22 20:34:08,283 INFO pid=3249 tid=MainThread file=regex_loader.py:__init__:20 | Init Regex Loader...
2020-09-22 20:34:08,285 INFO pid=3249 tid=MainThread file=regex_conf.py:_read_conf:28 | Get tokens from field_extraction_token.conf
2020-09-22 20:34:08,294 INFO pid=3249 tid=MainThread file=regex_conf.py:_read_conf:31 | Get the fields from field_extraction_field.conf
2020-09-22 20:34:08,322 INFO pid=3249 tid=MainThread file=regex_tokenizer.py:__init__:12 | Init tokenizer...
2020-09-22 20:34:08,322 INFO pid=3249 tid=MainThread file=regex_generator.py:__init__:13 | Init Generator...
2020-10-02 07:24:39,528 INFO pid=3192 tid=MainThread file=regex_loader.py:__init__:20 | Init Regex Loader...
2020-10-02 07:24:39,544 INFO pid=3192 tid=MainThread file=regex_conf.py:_read_conf:28 | Get tokens from field_extraction_token.conf
2020-10-02 07:24:39,547 INFO pid=3192 tid=MainThread file=regex_conf.py:_read_conf:31 | Get the fields from field_extraction_field.conf
2020-10-02 07:24:39,568 INFO pid=3192 tid=MainThread file=regex_tokenizer.py:__init__:12 | Init tokenizer...
2020-10-02 07:24:39,568 INFO pid=3192 tid=MainThread file=regex_generator.py:__init__:13 | Init Generator...
2020-10-19 10:07:56,892 INFO pid=3283 tid=MainThread file=regex_loader.py:__init__:20 | Init Regex Loader...
2020-10-19 10:07:56,906 INFO pid=3283 tid=MainThread file=regex_conf.py:_read_conf:28 | Get tokens from field_extraction_token.conf
2020-10-19 10:07:56,910 INFO pid=3283 tid=MainThread file=regex_conf.py:_read_conf:31 | Get the fields from field_extraction_field.conf
2020-10-19 10:07:56,925 INFO pid=3283 tid=MainThread file=regex_tokenizer.py:__init__:12 | Init tokenizer...
2020-10-19 10:07:56,926 INFO pid=3283 tid=MainThread file=regex_generator.py:__init__:13 | Init Generator...
2020-10-23 10:17:03,563 INFO pid=3291 tid=MainThread file=regex_loader.py:__init__:20 | Init Regex Loader...
2020-10-23 10:17:03,568 INFO pid=3291 tid=MainThread file=regex_conf.py:_read_conf:28 | Get tokens from field_extraction_token.conf
2020-10-23 10:17:03,576 INFO pid=3291 tid=MainThread file=regex_conf.py:_read_conf:31 | Get the fields from field_extraction_field.conf
2020-10-23 10:17:03,603 INFO pid=3291 tid=MainThread file=regex_tokenizer.py:__init__:12 | Init tokenizer...
2020-10-23 10:17:03,603 INFO pid=3291 tid=MainThread file=regex_generator.py:__init__:13 | Init Generator...
2020-10-23 12:31:07,629 INFO pid=5160 tid=MainThread file=regex_loader.py:__init__:20 | Init Regex Loader...
2020-10-23 12:31:07,646 INFO pid=5160 tid=MainThread file=regex_conf.py:_read_conf:28 | Get tokens from field_extraction_token.conf
2020-10-23 12:31:07,652 INFO pid=5160 tid=MainThread file=regex_conf.py:_read_conf:31 | Get the fields from field_extraction_field.conf
2020-10-23 12:31:07,664 INFO pid=5160 tid=MainThread file=regex_tokenizer.py:__init__:12 | Init tokenizer...
2020-10-23 12:31:07,679 INFO pid=5160 tid=MainThread file=regex_generator.py:__init__:13 | Init Generator...
2020-11-02 10:49:25,904 INFO pid=3302 tid=MainThread file=regex_loader.py:__init__:20 | Init Regex Loader...
2020-11-02 10:49:25,905 INFO pid=3302 tid=MainThread file=regex_conf.py:_read_conf:28 | Get tokens from field_extraction_token.conf
2020-11-02 10:49:25,923 INFO pid=3302 tid=MainThread file=regex_conf.py:_read_conf:31 | Get the fields from field_extraction_field.conf
2020-11-02 10:49:25,947 INFO pid=3302 tid=MainThread file=regex_tokenizer.py:__init__:12 | Init tokenizer...
2020-11-02 10:49:25,947 INFO pid=3302 tid=MainThread file=regex_generator.py:__init__:13 | Init Generator...
2020-11-20 11:52:24,971 INFO pid=13893 tid=MainThread file=regex_loader.py:__init__:20 | Init Regex Loader...
2020-11-20 11:52:24,982 INFO pid=13893 tid=MainThread file=regex_conf.py:_read_conf:28 | Get tokens from field_extraction_token.conf
2020-11-20 11:52:24,999 INFO pid=13893 tid=MainThread file=regex_conf.py:_read_conf:31 | Get the fields from field_extraction_field.conf
2020-11-20 11:52:25,007 INFO pid=13893 tid=MainThread file=regex_tokenizer.py:__init__:12 | Init tokenizer...
2020-11-20 11:52:25,007 INFO pid=13893 tid=MainThread file=regex_generator.py:__init__:13 | Init Generator...
2020-11-25 19:55:04,491 INFO pid=10259 tid=MainThread file=regex_loader.py:__init__:20 | Init Regex Loader...
2020-11-25 19:55:04,508 INFO pid=10259 tid=MainThread file=regex_conf.py:_read_conf:28 | Get tokens from field_extraction_token.conf
2020-11-25 19:55:04,515 INFO pid=10259 tid=MainThread file=regex_conf.py:_read_conf:31 | Get the fields from field_extraction_field.conf
2020-11-25 19:55:04,547 INFO pid=10259 tid=MainThread file=regex_tokenizer.py:__init__:12 | Init tokenizer...
2020-11-25 19:55:04,547 INFO pid=10259 tid=MainThread file=regex_generator.py:__init__:13 | Init Generator...
2020-12-09 10:47:55,865 INFO pid=3281 tid=MainThread file=regex_loader.py:__init__:20 | Init Regex Loader...
2020-12-09 10:47:55,867 INFO pid=3281 tid=MainThread file=regex_conf.py:_read_conf:28 | Get tokens from field_extraction_token.conf
2020-12-09 10:47:55,881 INFO pid=3281 tid=MainThread file=regex_conf.py:_read_conf:31 | Get the fields from field_extraction_field.conf
2020-12-09 10:47:55,898 INFO pid=3281 tid=MainThread file=regex_tokenizer.py:__init__:12 | Init tokenizer...
2020-12-09 10:47:55,898 INFO pid=3281 tid=MainThread file=regex_generator.py:__init__:13 | Init Generator...
2020-12-20 14:05:57,805 INFO pid=3245 tid=MainThread file=regex_loader.py:__init__:20 | Init Regex Loader...
2020-12-20 14:05:57,807 INFO pid=3245 tid=MainThread file=regex_conf.py:_read_conf:28 | Get tokens from field_extraction_token.conf
2020-12-20 14:05:57,811 INFO pid=3245 tid=MainThread file=regex_conf.py:_read_conf:31 | Get the fields from field_extraction_field.conf
2020-12-20 14:05:57,847 INFO pid=3245 tid=MainThread file=regex_tokenizer.py:__init__:12 | Init tokenizer...
2020-12-20 14:05:57,847 INFO pid=3245 tid=MainThread file=regex_generator.py:__init__:13 | Init Generator...
2021-01-16 17:48:55,433 INFO pid=3288 tid=MainThread file=regex_loader.py:__init__:20 | Init Regex Loader...
2021-01-16 17:48:55,436 INFO pid=3288 tid=MainThread file=regex_conf.py:_read_conf:28 | Get tokens from field_extraction_token.conf
2021-01-16 17:48:55,452 INFO pid=3288 tid=MainThread file=regex_conf.py:_read_conf:31 | Get the fields from field_extraction_field.conf
2021-01-16 17:48:55,461 INFO pid=3288 tid=MainThread file=regex_tokenizer.py:__init__:12 | Init tokenizer...
2021-01-16 17:48:55,461 INFO pid=3288 tid=MainThread file=regex_generator.py:__init__:13 | Init Generator...
2021-01-28 15:43:20,009 INFO pid=3249 tid=MainThread file=regex_loader.py:__init__:20 | Init Regex Loader...
2021-01-28 15:43:20,023 INFO pid=3249 tid=MainThread file=regex_conf.py:_read_conf:28 | Get tokens from field_extraction_token.conf
2021-01-28 15:43:20,033 INFO pid=3249 tid=MainThread file=regex_conf.py:_read_conf:31 | Get the fields from field_extraction_field.conf
2021-01-28 15:43:20,057 INFO pid=3249 tid=MainThread file=regex_tokenizer.py:__init__:12 | Init tokenizer...
2021-01-28 15:43:20,057 INFO pid=3249 tid=MainThread file=regex_generator.py:__init__:13 | Init Generator...
2021-01-28 15:49:25,682 INFO pid=10340 tid=MainThread file=regex_loader.py:__init__:20 | Init Regex Loader...
2021-01-28 15:49:25,700 INFO pid=10340 tid=MainThread file=regex_conf.py:_read_conf:28 | Get tokens from field_extraction_token.conf
2021-01-28 15:49:25,712 INFO pid=10340 tid=MainThread file=regex_conf.py:_read_conf:31 | Get the fields from field_extraction_field.conf
2021-01-28 15:49:25,714 INFO pid=10340 tid=MainThread file=regex_tokenizer.py:__init__:12 | Init tokenizer...
2021-01-28 15:49:25,714 INFO pid=10340 tid=MainThread file=regex_generator.py:__init__:13 | Init Generator...
2021-01-28 15:53:25,440 INFO pid=12660 tid=MainThread file=regex_loader.py:__init__:20 | Init Regex Loader...
2021-01-28 15:53:25,444 INFO pid=12660 tid=MainThread file=regex_conf.py:_read_conf:28 | Get tokens from field_extraction_token.conf
2021-01-28 15:53:25,447 INFO pid=12660 tid=MainThread file=regex_conf.py:_read_conf:31 | Get the fields from field_extraction_field.conf
2021-01-28 15:53:25,457 INFO pid=12660 tid=MainThread file=regex_tokenizer.py:__init__:12 | Init tokenizer...
2021-01-28 15:53:25,458 INFO pid=12660 tid=MainThread file=regex_generator.py:__init__:13 | Init Generator...
2021-01-28 16:02:56,997 INFO pid=18517 tid=MainThread file=regex_loader.py:__init__:20 | Init Regex Loader...
2021-01-28 16:02:57,010 INFO pid=18517 tid=MainThread file=regex_conf.py:_read_conf:28 | Get tokens from field_extraction_token.conf
2021-01-28 16:02:57,020 INFO pid=18517 tid=MainThread file=regex_conf.py:_read_conf:31 | Get the fields from field_extraction_field.conf
2021-01-28 16:02:57,036 INFO pid=18517 tid=MainThread file=regex_tokenizer.py:__init__:12 | Init tokenizer...
2021-01-28 16:02:57,036 INFO pid=18517 tid=MainThread file=regex_generator.py:__init__:13 | Init Generator...
2021-02-04 08:33:55,064 INFO pid=3181 tid=MainThread file=regex_loader.py:__init__:20 | Init Regex Loader...
2021-02-04 08:33:55,070 INFO pid=3181 tid=MainThread file=regex_conf.py:_read_conf:28 | Get tokens from field_extraction_token.conf
2021-02-04 08:33:55,080 INFO pid=3181 tid=MainThread file=regex_conf.py:_read_conf:31 | Get the fields from field_extraction_field.conf
2021-02-04 08:33:55,082 INFO pid=3181 tid=MainThread file=regex_tokenizer.py:__init__:12 | Init tokenizer...
2021-02-04 08:33:55,083 INFO pid=3181 tid=MainThread file=regex_generator.py:__init__:13 | Init Generator...
2021-02-10 11:14:17,248 INFO pid=3363 tid=MainThread file=regex_loader.py:__init__:20 | Init Regex Loader...
2021-02-10 11:14:17,265 INFO pid=3363 tid=MainThread file=regex_conf.py:_read_conf:28 | Get tokens from field_extraction_token.conf
2021-02-10 11:14:17,286 INFO pid=3363 tid=MainThread file=regex_conf.py:_read_conf:31 | Get the fields from field_extraction_field.conf
2021-02-10 11:14:17,310 INFO pid=3363 tid=MainThread file=regex_tokenizer.py:__init__:12 | Init tokenizer...
2021-02-10 11:14:17,310 INFO pid=3363 tid=MainThread file=regex_generator.py:__init__:13 | Init Generator...
2021-02-12 21:03:38,003 INFO pid=1737 tid=MainThread file=regex_loader.py:__init__:20 | Init Regex Loader...
2021-02-12 21:03:38,010 INFO pid=1737 tid=MainThread file=regex_conf.py:_read_conf:28 | Get tokens from field_extraction_token.conf
2021-02-12 21:03:38,023 INFO pid=1737 tid=MainThread file=regex_conf.py:_read_conf:31 | Get the fields from field_extraction_field.conf
2021-02-12 21:03:38,043 INFO pid=1737 tid=MainThread file=regex_tokenizer.py:__init__:12 | Init tokenizer...
2021-02-12 21:03:38,043 INFO pid=1737 tid=MainThread file=regex_generator.py:__init__:13 | Init Generator...
2021-02-12 21:27:55,884 INFO pid=8057 tid=MainThread file=regex_loader.py:__init__:20 | Init Regex Loader...
2021-02-12 21:27:55,906 INFO pid=8057 tid=MainThread file=regex_conf.py:_read_conf:28 | Get tokens from field_extraction_token.conf
2021-02-12 21:27:55,913 INFO pid=8057 tid=MainThread file=regex_conf.py:_read_conf:31 | Get the fields from field_extraction_field.conf
2021-02-12 21:27:55,916 INFO pid=8057 tid=MainThread file=regex_tokenizer.py:__init__:12 | Init tokenizer...
2021-02-12 21:27:55,916 INFO pid=8057 tid=MainThread file=regex_generator.py:__init__:13 | Init Generator...
2021-02-12 21:33:40,717 INFO pid=9194 tid=MainThread file=regex_loader.py:__init__:20 | Init Regex Loader...
2021-02-12 21:33:40,734 INFO pid=9194 tid=MainThread file=regex_conf.py:_read_conf:28 | Get tokens from field_extraction_token.conf
2021-02-12 21:33:40,741 INFO pid=9194 tid=MainThread file=regex_conf.py:_read_conf:31 | Get the fields from field_extraction_field.conf
2021-02-12 21:33:40,767 INFO pid=9194 tid=MainThread file=regex_tokenizer.py:__init__:12 | Init tokenizer...
2021-02-12 21:33:40,767 INFO pid=9194 tid=MainThread file=regex_generator.py:__init__:13 | Init Generator...
2021-02-12 21:35:28,006 INFO pid=10485 tid=MainThread file=regex_loader.py:__init__:20 | Init Regex Loader...
2021-02-12 21:35:28,020 INFO pid=10485 tid=MainThread file=regex_conf.py:_read_conf:28 | Get tokens from field_extraction_token.conf
2021-02-12 21:35:28,030 INFO pid=10485 tid=MainThread file=regex_conf.py:_read_conf:31 | Get the fields from field_extraction_field.conf
2021-02-12 21:35:28,047 INFO pid=10485 tid=MainThread file=regex_tokenizer.py:__init__:12 | Init tokenizer...
2021-02-12 21:35:28,047 INFO pid=10485 tid=MainThread file=regex_generator.py:__init__:13 | Init Generator...
2021-02-12 21:37:43,940 INFO pid=12230 tid=MainThread file=regex_loader.py:__init__:20 | Init Regex Loader...
2021-02-12 21:37:43,972 INFO pid=12230 tid=MainThread file=regex_conf.py:_read_conf:28 | Get tokens from field_extraction_token.conf
2021-02-12 21:37:43,993 INFO pid=12230 tid=MainThread file=regex_conf.py:_read_conf:31 | Get the fields from field_extraction_field.conf
2021-02-12 21:37:44,014 INFO pid=12230 tid=MainThread file=regex_tokenizer.py:__init__:12 | Init tokenizer...
2021-02-12 21:37:44,014 INFO pid=12230 tid=MainThread file=regex_generator.py:__init__:13 | Init Generator...
2021-02-12 21:47:30,434 INFO pid=17159 tid=MainThread file=regex_loader.py:__init__:20 | Init Regex Loader...
2021-02-12 21:47:30,445 INFO pid=17159 tid=MainThread file=regex_conf.py:_read_conf:28 | Get tokens from field_extraction_token.conf
2021-02-12 21:47:30,463 INFO pid=17159 tid=MainThread file=regex_conf.py:_read_conf:31 | Get the fields from field_extraction_field.conf
2021-02-12 21:47:30,488 INFO pid=17159 tid=MainThread file=regex_tokenizer.py:__init__:12 | Init tokenizer...
2021-02-12 21:47:30,488 INFO pid=17159 tid=MainThread file=regex_generator.py:__init__:13 | Init Generator...
2021-02-13 03:46:11,554 INFO pid=21541 tid=MainThread file=regex_loader.py:__init__:20 | Init Regex Loader...
2021-02-13 03:46:11,586 INFO pid=21541 tid=MainThread file=regex_conf.py:_read_conf:28 | Get tokens from field_extraction_token.conf
2021-02-13 03:46:11,653 INFO pid=21541 tid=MainThread file=regex_conf.py:_read_conf:31 | Get the fields from field_extraction_field.conf
2021-02-13 03:46:11,717 INFO pid=21541 tid=MainThread file=regex_tokenizer.py:__init__:12 | Init tokenizer...
2021-02-13 03:46:11,743 INFO pid=21541 tid=MainThread file=regex_generator.py:__init__:13 | Init Generator...
2021-02-13 04:02:27,539 INFO pid=591 tid=MainThread file=regex_loader.py:__init__:20 | Init Regex Loader...
2021-02-13 04:02:27,551 INFO pid=591 tid=MainThread file=regex_conf.py:_read_conf:28 | Get tokens from field_extraction_token.conf
2021-02-13 04:02:27,564 INFO pid=591 tid=MainThread file=regex_conf.py:_read_conf:31 | Get the fields from field_extraction_field.conf
2021-02-13 04:02:27,575 INFO pid=591 tid=MainThread file=regex_tokenizer.py:__init__:12 | Init tokenizer...
2021-02-13 04:02:27,575 INFO pid=591 tid=MainThread file=regex_generator.py:__init__:13 | Init Generator...
2021-02-13 04:15:40,412 INFO pid=4718 tid=MainThread file=regex_loader.py:__init__:20 | Init Regex Loader...
2021-02-13 04:15:40,419 INFO pid=4718 tid=MainThread file=regex_conf.py:_read_conf:28 | Get tokens from field_extraction_token.conf
2021-02-13 04:15:40,429 INFO pid=4718 tid=MainThread file=regex_conf.py:_read_conf:31 | Get the fields from field_extraction_field.conf
2021-02-13 04:15:40,438 INFO pid=4718 tid=MainThread file=regex_tokenizer.py:__init__:12 | Init tokenizer...
2021-02-13 04:15:40,438 INFO pid=4718 tid=MainThread file=regex_generator.py:__init__:13 | Init Generator...
2021-02-13 04:18:41,898 INFO pid=6111 tid=MainThread file=regex_loader.py:__init__:20 | Init Regex Loader...
2021-02-13 04:18:41,898 INFO pid=6111 tid=MainThread file=regex_conf.py:_read_conf:28 | Get tokens from field_extraction_token.conf
2021-02-13 04:18:41,904 INFO pid=6111 tid=MainThread file=regex_conf.py:_read_conf:31 | Get the fields from field_extraction_field.conf
2021-02-13 04:18:41,926 INFO pid=6111 tid=MainThread file=regex_tokenizer.py:__init__:12 | Init tokenizer...
2021-02-13 04:18:41,926 INFO pid=6111 tid=MainThread file=regex_generator.py:__init__:13 | Init Generator...
2021-02-13 14:05:46,526 INFO pid=28198 tid=MainThread file=regex_loader.py:__init__:20 | Init Regex Loader...
2021-02-13 14:05:46,540 INFO pid=28198 tid=MainThread file=regex_conf.py:_read_conf:28 | Get tokens from field_extraction_token.conf
2021-02-13 14:05:46,554 INFO pid=28198 tid=MainThread file=regex_conf.py:_read_conf:31 | Get the fields from field_extraction_field.conf
2021-02-13 14:05:46,574 INFO pid=28198 tid=MainThread file=regex_tokenizer.py:__init__:12 | Init tokenizer...
2021-02-13 14:05:46,574 INFO pid=28198 tid=MainThread file=regex_generator.py:__init__:13 | Init Generator...
2021-02-13 14:47:33,479 INFO pid=6020 tid=MainThread file=regex_loader.py:__init__:20 | Init Regex Loader...
2021-02-13 14:47:33,500 INFO pid=6020 tid=MainThread file=regex_conf.py:_read_conf:28 | Get tokens from field_extraction_token.conf
2021-02-13 14:47:33,542 INFO pid=6020 tid=MainThread file=regex_conf.py:_read_conf:31 | Get the fields from field_extraction_field.conf
2021-02-13 14:47:33,595 INFO pid=6020 tid=MainThread file=regex_tokenizer.py:__init__:12 | Init tokenizer...
2021-02-13 14:47:33,595 INFO pid=6020 tid=MainThread file=regex_generator.py:__init__:13 | Init Generator...
2021-02-19 06:30:11,844 INFO pid=3203 tid=MainThread file=regex_loader.py:__init__:20 | Init Regex Loader...
2021-02-19 06:30:11,847 INFO pid=3203 tid=MainThread file=regex_conf.py:_read_conf:28 | Get tokens from field_extraction_token.conf
2021-02-19 06:30:11,851 INFO pid=3203 tid=MainThread file=regex_conf.py:_read_conf:31 | Get the fields from field_extraction_field.conf
2021-02-19 06:30:11,869 INFO pid=3203 tid=MainThread file=regex_tokenizer.py:__init__:12 | Init tokenizer...
2021-02-19 06:30:11,869 INFO pid=3203 tid=MainThread file=regex_generator.py:__init__:13 | Init Generator...
2021-02-24 20:38:10,753 INFO pid=3134 tid=MainThread file=regex_loader.py:__init__:20 | Init Regex Loader...
2021-02-24 20:38:10,759 INFO pid=3134 tid=MainThread file=regex_conf.py:_read_conf:28 | Get tokens from field_extraction_token.conf
2021-02-24 20:38:10,765 INFO pid=3134 tid=MainThread file=regex_conf.py:_read_conf:31 | Get the fields from field_extraction_field.conf
2021-02-24 20:38:10,781 INFO pid=3134 tid=MainThread file=regex_tokenizer.py:__init__:12 | Init tokenizer...
2021-02-24 20:38:10,782 INFO pid=3134 tid=MainThread file=regex_generator.py:__init__:13 | Init Generator...
2021-03-28 07:28:57,246 INFO pid=3158 tid=MainThread file=regex_loader.py:__init__:20 | Init Regex Loader...
2021-03-28 07:28:57,254 INFO pid=3158 tid=MainThread file=regex_conf.py:_read_conf:28 | Get tokens from field_extraction_token.conf
2021-03-28 07:28:57,257 INFO pid=3158 tid=MainThread file=regex_conf.py:_read_conf:31 | Get the fields from field_extraction_field.conf
2021-03-28 07:28:57,272 INFO pid=3158 tid=MainThread file=regex_tokenizer.py:__init__:12 | Init tokenizer...
2021-03-28 07:28:57,272 INFO pid=3158 tid=MainThread file=regex_generator.py:__init__:13 | Init Generator...
2021-04-11 11:05:50,141 INFO pid=3948 tid=MainThread file=regex_loader.py:__init__:20 | Init Regex Loader...
2021-04-11 11:05:50,166 INFO pid=3948 tid=MainThread file=regex_conf.py:_read_conf:28 | Get tokens from field_extraction_token.conf
2021-04-11 11:05:50,171 INFO pid=3948 tid=MainThread file=regex_conf.py:_read_conf:31 | Get the fields from field_extraction_field.conf
2021-04-11 11:05:50,175 INFO pid=3948 tid=MainThread file=regex_tokenizer.py:__init__:12 | Init tokenizer...
2021-04-11 11:05:50,175 INFO pid=3948 tid=MainThread file=regex_generator.py:__init__:13 | Init Generator...
2021-04-11 11:06:53,123 INFO pid=5139 tid=MainThread file=regex_loader.py:__init__:20 | Init Regex Loader...
2021-04-11 11:06:53,123 INFO pid=5139 tid=MainThread file=regex_conf.py:_read_conf:28 | Get tokens from field_extraction_token.conf
2021-04-11 11:06:53,125 INFO pid=5139 tid=MainThread file=regex_conf.py:_read_conf:31 | Get the fields from field_extraction_field.conf
2021-04-11 11:06:53,143 INFO pid=5139 tid=MainThread file=regex_tokenizer.py:__init__:12 | Init tokenizer...
2021-04-11 11:06:53,143 INFO pid=5139 tid=MainThread file=regex_generator.py:__init__:13 | Init Generator...
2021-06-05 12:47:04,829 INFO pid=3115 tid=MainThread file=regex_loader.py:__init__:20 | Init Regex Loader...
2021-06-05 12:47:04,832 INFO pid=3115 tid=MainThread file=regex_conf.py:_read_conf:28 | Get tokens from field_extraction_token.conf
2021-06-05 12:47:04,835 INFO pid=3115 tid=MainThread file=regex_conf.py:_read_conf:31 | Get the fields from field_extraction_field.conf
2021-06-05 12:47:04,851 INFO pid=3115 tid=MainThread file=regex_tokenizer.py:__init__:12 | Init tokenizer...
2021-06-05 12:47:04,851 INFO pid=3115 tid=MainThread file=regex_generator.py:__init__:13 | Init Generator...
2021-06-06 09:04:48,737 INFO pid=2148 tid=MainThread file=regex_loader.py:__init__:20 | Init Regex Loader...
2021-06-06 09:04:48,752 INFO pid=2148 tid=MainThread file=regex_conf.py:_read_conf:28 | Get tokens from field_extraction_token.conf
2021-06-06 09:04:48,761 INFO pid=2148 tid=MainThread file=regex_conf.py:_read_conf:31 | Get the fields from field_extraction_field.conf
2021-06-06 09:04:48,765 INFO pid=2148 tid=MainThread file=regex_tokenizer.py:__init__:12 | Init tokenizer...
2021-06-06 09:04:48,765 INFO pid=2148 tid=MainThread file=regex_generator.py:__init__:13 | Init Generator...
2021-06-06 09:48:21,793 INFO pid=1975 tid=MainThread file=regex_loader.py:__init__:20 | Init Regex Loader...
2021-06-06 09:48:21,805 INFO pid=1975 tid=MainThread file=regex_conf.py:_read_conf:28 | Get tokens from field_extraction_token.conf
2021-06-06 09:48:21,811 INFO pid=1975 tid=MainThread file=regex_conf.py:_read_conf:31 | Get the fields from field_extraction_field.conf
2021-06-06 09:48:21,835 INFO pid=1975 tid=MainThread file=regex_tokenizer.py:__init__:12 | Init tokenizer...
2021-06-06 09:48:21,835 INFO pid=1975 tid=MainThread file=regex_generator.py:__init__:13 | Init Generator...
2021-06-22 21:41:09,637 INFO pid=735607 tid=MainThread file=regex_loader.py:__init__:20 | Init Regex Loader...
2021-06-22 21:41:09,640 INFO pid=735607 tid=MainThread file=regex_conf.py:_read_conf:28 | Get tokens from field_extraction_token.conf
2021-06-22 21:41:09,646 INFO pid=735607 tid=MainThread file=regex_conf.py:_read_conf:31 | Get the fields from field_extraction_field.conf
2021-06-22 21:41:09,662 INFO pid=735607 tid=MainThread file=regex_tokenizer.py:__init__:12 | Init tokenizer...
2021-06-22 21:41:09,662 INFO pid=735607 tid=MainThread file=regex_generator.py:__init__:13 | Init Generator...
2021-06-22 21:43:51,732 INFO pid=737654 tid=MainThread file=regex_loader.py:__init__:20 | Init Regex Loader...
2021-06-22 21:43:51,744 INFO pid=737654 tid=MainThread file=regex_conf.py:_read_conf:28 | Get tokens from field_extraction_token.conf
2021-06-22 21:43:51,751 INFO pid=737654 tid=MainThread file=regex_conf.py:_read_conf:31 | Get the fields from field_extraction_field.conf
2021-06-22 21:43:51,774 INFO pid=737654 tid=MainThread file=regex_tokenizer.py:__init__:12 | Init tokenizer...
2021-06-22 21:43:51,774 INFO pid=737654 tid=MainThread file=regex_generator.py:__init__:13 | Init Generator...
2021-06-22 21:50:33,910 INFO pid=739737 tid=MainThread file=regex_loader.py:__init__:20 | Init Regex Loader...
2021-06-22 21:50:33,913 INFO pid=739737 tid=MainThread file=regex_conf.py:_read_conf:28 | Get tokens from field_extraction_token.conf
2021-06-22 21:50:33,918 INFO pid=739737 tid=MainThread file=regex_conf.py:_read_conf:31 | Get the fields from field_extraction_field.conf
2021-06-22 21:50:33,920 INFO pid=739737 tid=MainThread file=regex_tokenizer.py:__init__:12 | Init tokenizer...
2021-06-22 21:50:33,920 INFO pid=739737 tid=MainThread file=regex_generator.py:__init__:13 | Init Generator...
2021-06-22 22:02:42,888 INFO pid=747071 tid=MainThread file=regex_loader.py:__init__:20 | Init Regex Loader...
2021-06-22 22:02:42,897 INFO pid=747071 tid=MainThread file=regex_conf.py:_read_conf:28 | Get tokens from field_extraction_token.conf
2021-06-22 22:02:42,902 INFO pid=747071 tid=MainThread file=regex_conf.py:_read_conf:31 | Get the fields from field_extraction_field.conf
2021-06-22 22:02:42,906 INFO pid=747071 tid=MainThread file=regex_tokenizer.py:__init__:12 | Init tokenizer...
2021-06-22 22:02:42,906 INFO pid=747071 tid=MainThread file=regex_generator.py:__init__:13 | Init Generator...
2021-06-22 22:07:32,457 INFO pid=751124 tid=MainThread file=regex_loader.py:__init__:20 | Init Regex Loader...
2021-06-22 22:07:32,461 INFO pid=751124 tid=MainThread file=regex_conf.py:_read_conf:28 | Get tokens from field_extraction_token.conf
2021-06-22 22:07:32,463 INFO pid=751124 tid=MainThread file=regex_conf.py:_read_conf:31 | Get the fields from field_extraction_field.conf
2021-06-22 22:07:32,465 INFO pid=751124 tid=MainThread file=regex_tokenizer.py:__init__:12 | Init tokenizer...
2021-06-22 22:07:32,465 INFO pid=751124 tid=MainThread file=regex_generator.py:__init__:13 | Init Generator...
2021-06-22 22:19:56,794 INFO pid=758465 tid=MainThread file=regex_loader.py:__init__:20 | Init Regex Loader...
2021-06-22 22:19:56,862 INFO pid=758465 tid=MainThread file=regex_conf.py:_read_conf:28 | Get tokens from field_extraction_token.conf
2021-06-22 22:19:56,949 INFO pid=758465 tid=MainThread file=regex_conf.py:_read_conf:31 | Get the fields from field_extraction_field.conf
2021-06-22 22:19:56,962 INFO pid=758465 tid=MainThread file=regex_tokenizer.py:__init__:12 | Init tokenizer...
2021-06-22 22:19:56,962 INFO pid=758465 tid=MainThread file=regex_generator.py:__init__:13 | Init Generator...
2021-06-22 22:23:46,064 INFO pid=759580 tid=MainThread file=regex_loader.py:__init__:20 | Init Regex Loader...
2021-06-22 22:23:46,113 INFO pid=759580 tid=MainThread file=regex_conf.py:_read_conf:28 | Get tokens from field_extraction_token.conf
2021-06-22 22:23:46,162 INFO pid=759580 tid=MainThread file=regex_conf.py:_read_conf:31 | Get the fields from field_extraction_field.conf
2021-06-22 22:23:46,190 INFO pid=759580 tid=MainThread file=regex_tokenizer.py:__init__:12 | Init tokenizer...
2021-06-22 22:23:46,190 INFO pid=759580 tid=MainThread file=regex_generator.py:__init__:13 | Init Generator...
2021-06-22 22:27:17,389 INFO pid=760261 tid=MainThread file=regex_loader.py:__init__:20 | Init Regex Loader...
2021-06-22 22:27:17,389 INFO pid=760261 tid=MainThread file=regex_conf.py:_read_conf:28 | Get tokens from field_extraction_token.conf
2021-06-22 22:27:17,392 INFO pid=760261 tid=MainThread file=regex_conf.py:_read_conf:31 | Get the fields from field_extraction_field.conf
2021-06-22 22:27:17,418 INFO pid=760261 tid=MainThread file=regex_tokenizer.py:__init__:12 | Init tokenizer...
2021-06-22 22:27:17,418 INFO pid=760261 tid=MainThread file=regex_generator.py:__init__:13 | Init Generator...
2021-06-22 22:32:26,316 INFO pid=762897 tid=MainThread file=regex_loader.py:__init__:20 | Init Regex Loader...
2021-06-22 22:32:26,337 INFO pid=762897 tid=MainThread file=regex_conf.py:_read_conf:28 | Get tokens from field_extraction_token.conf
2021-06-22 22:32:26,339 INFO pid=762897 tid=MainThread file=regex_conf.py:_read_conf:31 | Get the fields from field_extraction_field.conf
2021-06-22 22:32:26,377 INFO pid=762897 tid=MainThread file=regex_tokenizer.py:__init__:12 | Init tokenizer...
2021-06-22 22:32:26,377 INFO pid=762897 tid=MainThread file=regex_generator.py:__init__:13 | Init Generator...
2021-06-22 22:34:48,885 INFO pid=763523 tid=MainThread file=regex_loader.py:__init__:20 | Init Regex Loader...
2021-06-22 22:34:48,886 INFO pid=763523 tid=MainThread file=regex_conf.py:_read_conf:28 | Get tokens from field_extraction_token.conf
2021-06-22 22:34:48,888 INFO pid=763523 tid=MainThread file=regex_conf.py:_read_conf:31 | Get the fields from field_extraction_field.conf
2021-06-22 22:34:48,898 INFO pid=763523 tid=MainThread file=regex_tokenizer.py:__init__:12 | Init tokenizer...
2021-06-22 22:34:48,899 INFO pid=763523 tid=MainThread file=regex_generator.py:__init__:13 | Init Generator...
2021-06-22 22:37:31,704 INFO pid=763764 tid=MainThread file=regex_loader.py:__init__:20 | Init Regex Loader...
2021-06-22 22:37:31,705 INFO pid=763764 tid=MainThread file=regex_conf.py:_read_conf:28 | Get tokens from field_extraction_token.conf
2021-06-22 22:37:31,710 INFO pid=763764 tid=MainThread file=regex_conf.py:_read_conf:31 | Get the fields from field_extraction_field.conf
2021-06-22 22:37:31,718 INFO pid=763764 tid=MainThread file=regex_tokenizer.py:__init__:12 | Init tokenizer...
2021-06-22 22:37:31,718 INFO pid=763764 tid=MainThread file=regex_generator.py:__init__:13 | Init Generator...
